\BOOKMARK [0][-]{chapter.1}{Introduction}{}% 1
\BOOKMARK [1][-]{section.1.1}{The Snow Problem for in-flight ice accretion}{chapter.1}% 2
\BOOKMARK [1][-]{section.1.2}{Non-spherical particles}{chapter.1}% 3
\BOOKMARK [2][-]{subsection.1.2.1}{Models}{section.1.2}% 4
\BOOKMARK [2][-]{subsection.1.2.2}{Experiments}{section.1.2}% 5
\BOOKMARK [1][-]{section.1.3}{Problem Formulation}{chapter.1}% 6
\BOOKMARK [1][-]{section.1.4}{Structure of the thesis}{chapter.1}% 7
\BOOKMARK [0][-]{chapter.2}{Choice of the Model}{}% 8
\BOOKMARK [1][-]{section.2.1}{Chhabra review: Ganser}{chapter.2}% 9
\BOOKMARK [1][-]{section.2.2}{Heymsfield and Westbrook}{chapter.2}% 10
\BOOKMARK [1][-]{section.2.3}{Holzer and Sommerfeld}{chapter.2}% 11
\BOOKMARK [0][-]{chapter.3}{Description of the Experimental Set}{}% 12
\BOOKMARK [1][-]{section.3.1}{Brandes Experimental campaign}{chapter.3}% 13
\BOOKMARK [1][-]{section.3.2}{Data Set generation}{chapter.3}% 14
\BOOKMARK [0][-]{chapter.4}{Parameter Estimation}{}% 15
\BOOKMARK [1][-]{section.4.1}{Problem Formulation}{chapter.4}% 16
\BOOKMARK [1][-]{section.4.2}{Bayes Theorem}{chapter.4}% 17
\BOOKMARK [1][-]{section.4.3}{Gaussian Mixture Model}{chapter.4}% 18
\BOOKMARK [0][-]{chapter.5}{Numerical Implementation}{}% 19
\BOOKMARK [1][-]{section.5.1}{General scheme}{chapter.5}% 20
\BOOKMARK [1][-]{section.5.2}{Code Validation}{chapter.5}% 21
\BOOKMARK [1][-]{section.5.3}{Results}{chapter.5}% 22
\BOOKMARK [0][-]{chapter.6}{Integration to PoliMIce}{}% 23
\BOOKMARK [1][-]{section.6.1}{Cloud generation}{chapter.6}% 24
\BOOKMARK [1][-]{section.6.2}{Results}{chapter.6}% 25
\BOOKMARK [2][-]{subsection.6.2.1}{Facciamo Nevicare!}{section.6.2}% 26
\BOOKMARK [2][-]{subsection.6.2.2}{Blowing snow example}{section.6.2}% 27
